2014-09-15 07:59:57.985 HelloCordova[20056:70b] Multi-tasking -> Device: YES, App: YES
2014-09-15 07:59:58.080 HelloCordova[20056:70b] Unlimited access to network resources
2014-09-15 07:59:58.119 HelloCordova[20056:70b] 

Started backup to iCloud! Please be careful.
Your application might rejected by Apple if you store too much data.
For more information please read "iOS Data Storage Guidelines"
You could find it at the following address https://developer.apple.com/icloud/documentation/data-storage/ .

2014-09-15 07:59:59.071 HelloCordova[20056:70b] Resetting plugins due to page load.
2014-09-15 07:59:59.451 HelloCordova[20056:70b] Finished load of: file:///Users/abradley/Library/Application%20Support/iPhone%20Simulator/7.1/Applications/E8E096BD-10FA-4F39-B01D-B7E4E2CB38E7/HelloCordova.app/www/index.html
2014-09-15 11:01:05.770 HelloCordova[21621:70b] Multi-tasking -> Device: YES, App: YES
2014-09-15 11:01:05.845 HelloCordova[21621:70b] Unlimited access to network resources
2014-09-15 11:01:05.875 HelloCordova[21621:70b] 

Started backup to iCloud! Please be careful.
Your application might rejected by Apple if you store too much data.
For more information please read "iOS Data Storage Guidelines"
You could find it at the following address https://developer.apple.com/icloud/documentation/data-storage/ .

2014-09-15 11:01:06.471 HelloCordova[21621:70b] Resetting plugins due to page load.
2014-09-15 11:01:06.616 HelloCordova[21621:70b] Finished load of: file:///Users/abradley/Library/Application%20Support/iPhone%20Simulator/7.1/Applications/E8E096BD-10FA-4F39-B01D-B7E4E2CB38E7/HelloCordova.app/www/index.html
2014-09-15 15:28:40.901 HelloCordova[23284:70b] Multi-tasking -> Device: YES, App: YES
2014-09-15 15:28:40.928 HelloCordova[23284:70b] Unlimited access to network resources
2014-09-15 15:28:40.933 HelloCordova[23284:70b] 

Started backup to iCloud! Please be careful.
Your application might rejected by Apple if you store too much data.
For more information please read "iOS Data Storage Guidelines"
You could find it at the following address https://developer.apple.com/icloud/documentation/data-storage/ .

2014-09-15 15:28:41.610 HelloCordova[23284:70b] Resetting plugins due to page load.
2014-09-15 15:28:41.944 HelloCordova[23284:70b] Finished load of: file:///Users/abradley/Library/Application%20Support/iPhone%20Simulator/7.1/Applications/E8E096BD-10FA-4F39-B01D-B7E4E2CB38E7/HelloCordova.app/www/index.html
